RECORDDETAIL/app/build/intermediates/manifest_merge_blame_file/debug/manifest-merger-blame-debug-report.txt
1<?xml version="1.0" encoding="utf-8"?>
2<manifest xmlns:android="http://schemas.android.com/apk/res/android"
3    package="com.example.myproject22"
4    android:versionCode="1"
5    android:versionName="1.0" >
6
7    <uses-sdk
8        android:minSdkVersion="21"
8-->src\main\AndroidManifest.xml
9        android:targetSdkVersion="30" />
9-->src\main\AndroidManifest.xml
10
11    <uses-permission android:name="android.permission.WRITE_EXTERNAL_STORAGE" />
11-->src\main\AndroidManifest.xml:5:5-81
11-->src\main\AndroidManifest.xml:5:22-78
12    <uses-permission android:name="android.permission.READ_EXTERNAL_STORAGE" />
12-->src\main\AndroidManifest.xml:6:5-80
12-->src\main\AndroidManifest.xml:6:22-77
13    <uses-permission android:name="android.permission.CAMERA" />
13-->src\main\AndroidManifest.xml:7:5-65
13-->src\main\AndroidManifest.xml:7:22-62
14    <uses-permission android:name="android.permission.RECORD_AUDIO" />
14-->src\main\AndroidManifest.xml:8:5-71
14-->src\main\AndroidManifest.xml:8:22-68
15    <uses-permission android:name="android.permission.INTERNET" />
15-->src\main\AndroidManifest.xml:9:5-67
15-->src\main\AndroidManifest.xml:9:22-64
16    <uses-permission android:name="android.permission.ACCESS_WIFI_STATE" />
16-->src\main\AndroidManifest.xml:10:5-76
16-->src\main\AndroidManifest.xml:10:22-73
17
18    <application
18-->src\main\AndroidManifest.xml:12:5-46:19
19        android:allowBackup="true"
19-->src\main\AndroidManifest.xml:13:9-35
20        android:appComponentFactory="androidx.core.app.CoreComponentFactory"
20-->[androidx.core:core:1.4.0-alpha01] AndroidManifest.xml:24:18-86
21        android:debuggable="true"
22        android:icon="@mipmap/ic_launcher"
22-->src\main\AndroidManifest.xml:14:9-43
23        android:label="@string/app_name"
23-->src\main\AndroidManifest.xml:15:9-41
24        android:roundIcon="@mipmap/ic_launcher_round"
24-->src\main\AndroidManifest.xml:16:9-54
25        android:supportsRtl="true"
25-->src\main\AndroidManifest.xml:17:9-35
26        android:testOnly="true"
27        android:theme="@style/Theme.MyProject22" >
27-->src\main\AndroidManifest.xml:18:9-49
28        <activity android:name="com.example.myproject22.View.Activity.RecordDetailActivity" />
28-->src\main\AndroidManifest.xml:20:9-81
28-->src\main\AndroidManifest.xml:20:19-69
29        <activity android:name="com.example.myproject22.View.Activity.ReportCategoryDetailActivity" /> <!-- Phan report cua Son -->
29-->src\main\AndroidManifest.xml:21:9-80
29-->src\main\AndroidManifest.xml:21:19-77
30        <activity android:name="com.example.myproject22.View.Activity.ReportCategoryActivity" />
30-->src\main\AndroidManifest.xml:22:9-83
30-->src\main\AndroidManifest.xml:22:19-71
31        <activity android:name="com.example.myproject22.View.Activity.ReportCategoryGraphActivity" /> <!-- phan cua Quan -->
31-->src\main\AndroidManifest.xml:23:9-88
31-->src\main\AndroidManifest.xml:23:19-76
32        <activity android:name="com.example.myproject22.View.Activity.AddingTypeCategoryActivity" />
32-->src\main\AndroidManifest.xml:24:9-78
32-->src\main\AndroidManifest.xml:24:19-75
33        <activity android:name="com.example.myproject22.View.Activity.AddingActivity" /> <!-- Giao dien chinh -->
33-->src\main\AndroidManifest.xml:25:9-66
33-->src\main\AndroidManifest.xml:25:19-63
34        <activity android:name="com.example.myproject22.View.Activity.DashboardActivity" /> <!-- Phan cua Tam -->
34-->src\main\AndroidManifest.xml:26:9-69
34-->src\main\AndroidManifest.xml:26:19-66
35
36
37        <!-- GOAL PART -->
38        <activity android:name="com.example.myproject22.GoalRecordActivity" >
38-->src\main\AndroidManifest.xml:29:9-35:20
38-->src\main\AndroidManifest.xml:29:19-53
39            <intent-filter>
39-->src\main\AndroidManifest.xml:30:13-33:29
40                <action android:name="android.intent.action.MAIN" />
40-->src\main\AndroidManifest.xml:31:17-69
40-->src\main\AndroidManifest.xml:31:25-66
41
42                <category android:name="android.intent.category.LAUNCHER" />
42-->src\main\AndroidManifest.xml:32:17-77
42-->src\main\AndroidManifest.xml:32:27-74
43            </intent-filter>
44        </activity>
45        <activity
45-->src\main\AndroidManifest.xml:36:9-38:72
46            android:name="com.example.myproject22.View.Activity.NewGoalActivity"
46-->src\main\AndroidManifest.xml:37:13-58
47            android:parentActivityName="com.example.myproject22.View.Activity.GoalActivity" />
47-->src\main\AndroidManifest.xml:38:13-69
48        <activity android:name="com.example.myproject22.View.Activity.GoalActivity" >
48-->src\main\AndroidManifest.xml:39:9-41:20
48-->src\main\AndroidManifest.xml:39:19-61
49        </activity>
50
51        <meta-data
51-->src\main\AndroidManifest.xml:43:9-45:57
52            android:name="preloaded_fonts"
52-->src\main\AndroidManifest.xml:44:13-43
53            android:resource="@array/preloaded_fonts" />
53-->src\main\AndroidManifest.xml:45:13-54
54
55        <activity
55-->[com.karumi:dexter:6.2.2] AndroidManifest.xml:27:9-29:72
56            android:name="com.karumi.dexter.DexterActivity"
56-->[com.karumi:dexter:6.2.2] AndroidManifest.xml:28:13-60
57            android:theme="@style/Dexter.Internal.Theme.Transparent" />
57-->[com.karumi:dexter:6.2.2] AndroidManifest.xml:29:13-69
58    </application>
59
60</manifest>